# JRE version: OpenJDK Runtime Environment (8.0_112-b06) (build 1.8.0_112-release-b06)
# Java VM: OpenJDK 64-Bit Server VM (25.112-b06 mixed mode windows-amd64 compressed oops)
Heap:
 PSYoungGen      total 478720K, used 84678K [0x00000000e0000000, 0x0000000100000000, 0x0000000100000000)
  eden space 439808K, 18% used [0x00000000e0000000,0x00000000e50359a0,0x00000000fad80000)
  from space 38912K, 6% used [0x00000000fad80000,0x00000000faffc028,0x00000000fd380000)
  to   space 38400K, 0% used [0x00000000fda80000,0x00000000fda80000,0x0000000100000000)
 ParOldGen       total 130560K, used 69771K [0x00000000a0000000, 0x00000000a7f80000, 0x00000000e0000000)
  object space 130560K, 53% used [0x00000000a0000000,0x00000000a4422ee8,0x00000000a7f80000)
 Metaspace       used 82730K, capacity 88600K, committed 88960K, reserved 1126400K
  class space    used 10395K, capacity 11273K, committed 11392K, reserved 1048576K
GC Heap History (10 events):
Event: 9414.649 GC heap before
{Heap before GC invocations=36 (full 5):
 PSYoungGen      total 475648K, used 454460K [0x00000000e0000000, 0x00000000ffb80000, 0x0000000100000000)
  eden space 437760K, 100% used [0x00000000e0000000,0x00000000fab80000,0x00000000fab80000)
  from space 37888K, 44% used [0x00000000fd680000,0x00000000fe6cf318,0x00000000ffb80000)
  to   space 40960K, 0% used [0x00000000fab80000,0x00000000fab80000,0x00000000fd380000)
 ParOldGen       total 130560K, used 68771K [0x00000000a0000000, 0x00000000a7f80000, 0x00000000e0000000)
  object space 130560K, 52% used [0x00000000a0000000,0x00000000a4328c20,0x00000000a7f80000)
 Metaspace       used 81139K, capacity 85842K, committed 86016K, reserved 1124352K
  class space    used 10144K, capacity 10896K, committed 11008K, reserved 1048576K
Event: 9415.367 GC heap after
Heap after GC invocations=36 (full 5):
 PSYoungGen      total 421888K, used 3709K [0x00000000e0000000, 0x00000000fe600000, 0x0000000100000000)
  eden space 417792K, 0% used [0x00000000e0000000,0x00000000e0000000,0x00000000f9800000)
  from space 4096K, 90% used [0x00000000fab80000,0x00000000faf1f7a8,0x00000000faf80000)
  to   space 39936K, 0% used [0x00000000fbf00000,0x00000000fbf00000,0x00000000fe600000)
 ParOldGen       total 130560K, used 68779K [0x00000000a0000000, 0x00000000a7f80000, 0x00000000e0000000)
  object space 130560K, 52% used [0x00000000a0000000,0x00000000a432ac20,0x00000000a7f80000)
 Metaspace       used 81139K, capacity 85842K, committed 86016K, reserved 1124352K
  class space    used 10144K, capacity 10896K, committed 11008K, reserved 1048576K
}
Event: 9463.954 GC heap before
{Heap before GC invocations=37 (full 5):
 PSYoungGen      total 421888K, used 418512K [0x00000000e0000000, 0x00000000fe600000, 0x0000000100000000)
  eden space 417792K, 99% used [0x00000000e0000000,0x00000000f9514c48,0x00000000f9800000)
  from space 4096K, 90% used [0x00000000fab80000,0x00000000faf1f7a8,0x00000000faf80000)
  to   space 39936K, 0% used [0x00000000fbf00000,0x00000000fbf00000,0x00000000fe600000)
 ParOldGen       total 130560K, used 68779K [0x00000000a0000000, 0x00000000a7f80000, 0x00000000e0000000)
  object space 130560K, 52% used [0x00000000a0000000,0x00000000a432ac20,0x00000000a7f80000)
 Metaspace       used 81953K, capacity 86814K, committed 87040K, reserved 1126400K
  class space    used 10235K, capacity 10994K, committed 11008K, reserved 1048576K
Event: 9464.080 GC heap after
Heap after GC invocations=37 (full 5):
 PSYoungGen      total 428544K, used 29625K [0x00000000e0000000, 0x00000000fdc00000, 0x0000000100000000)
  eden space 398848K, 0% used [0x00000000e0000000,0x00000000e0000000,0x00000000f8580000)
  from space 29696K, 99% used [0x00000000fbf00000,0x00000000fdbee780,0x00000000fdc00000)
  to   space 43520K, 0% used [0x00000000f8700000,0x00000000f8700000,0x00000000fb180000)
 ParOldGen       total 130560K, used 68787K [0x00000000a0000000, 0x00000000a7f80000, 0x00000000e0000000)
  object space 130560K, 52% used [0x00000000a0000000,0x00000000a432cc20,0x00000000a7f80000)
 Metaspace       used 81953K, capacity 86814K, committed 87040K, reserved 1126400K
  class space    used 10235K, capacity 10994K, committed 11008K, reserved 1048576K
}
Event: 9464.383 GC heap before
{Heap before GC invocations=38 (full 5):
 PSYoungGen      total 428544K, used 428272K [0x00000000e0000000, 0x00000000fdc00000, 0x0000000100000000)
  eden space 398848K, 99% used [0x00000000e0000000,0x00000000f854d9f8,0x00000000f8580000)
  from space 29696K, 99% used [0x00000000fbf00000,0x00000000fdbee780,0x00000000fdc00000)
  to   space 43520K, 0% used [0x00000000f8700000,0x00000000f8700000,0x00000000fb180000)
 ParOldGen       total 130560K, used 68787K [0x00000000a0000000, 0x00000000a7f80000, 0x00000000e0000000)
  object space 130560K, 52% used [0x00000000a0000000,0x00000000a432cc20,0x00000000a7f80000)
 Metaspace       used 81956K, capacity 86878K, committed 87040K, reserved 1126400K
  class space    used 10236K, capacity 10994K, committed 11008K, reserved 1048576K
Event: 9464.396 GC heap after
Heap after GC invocations=38 (full 5):
 PSYoungGen      total 443904K, used 13894K [0x00000000e0000000, 0x0000000100000000, 0x0000000100000000)
  eden space 400384K, 0% used [0x00000000e0000000,0x00000000e0000000,0x00000000f8700000)
  from space 43520K, 31% used [0x00000000f8700000,0x00000000f9491ad0,0x00000000fb180000)
  to   space 40960K, 0% used [0x00000000fd800000,0x00000000fd800000,0x0000000100000000)
 ParOldGen       total 130560K, used 68787K [0x00000000a0000000, 0x00000000a7f80000, 0x00000000e0000000)
  object space 130560K, 52% used [0x00000000a0000000,0x00000000a432cc20,0x00000000a7f80000)
 Metaspace       used 81956K, capacity 86878K, committed 87040K, reserved 1126400K
  class space    used 10236K, capacity 10994K, committed 11008K, reserved 1048576K
}
Event: 9464.468 GC heap before
{Heap before GC invocations=39 (full 5):
 PSYoungGen      total 443904K, used 413973K [0x00000000e0000000, 0x0000000100000000, 0x0000000100000000)
  eden space 400384K, 99% used [0x00000000e0000000,0x00000000f86b3ac0,0x00000000f8700000)
  from space 43520K, 31% used [0x00000000f8700000,0x00000000f9491ad0,0x00000000fb180000)
  to   space 40960K, 0% used [0x00000000fd800000,0x00000000fd800000,0x0000000100000000)
 ParOldGen       total 130560K, used 68787K [0x00000000a0000000, 0x00000000a7f80000, 0x00000000e0000000)
  object space 130560K, 52% used [0x00000000a0000000,0x00000000a432cc20,0x00000000a7f80000)
 Metaspace       used 81956K, capacity 86878K, committed 87040K, reserved 1126400K
  class space    used 10236K, capacity 10994K, committed 11008K, reserved 1048576K
Event: 9464.485 GC heap after
Heap after GC invocations=39 (full 5):
 PSYoungGen      total 474112K, used 10696K [0x00000000e0000000, 0x00000000ff980000, 0x0000000100000000)
  eden space 439808K, 0% used [0x00000000e0000000,0x00000000e0000000,0x00000000fad80000)
  from space 34304K, 31% used [0x00000000fd800000,0x00000000fe272008,0x00000000ff980000)
  to   space 38912K, 0% used [0x00000000fad80000,0x00000000fad80000,0x00000000fd380000)
 ParOldGen       total 130560K, used 69255K [0x00000000a0000000, 0x00000000a7f80000, 0x00000000e0000000)
  object space 130560K, 53% used [0x00000000a0000000,0x00000000a43a1c60,0x00000000a7f80000)
 Metaspace       used 81956K, capacity 86878K, committed 87040K, reserved 1126400K
  class space    used 10236K, capacity 10994K, committed 11008K, reserved 1048576K
}
Event: 19086.751 GC heap before
{Heap before GC invocations=40 (full 5):
 PSYoungGen      total 474112K, used 450504K [0x00000000e0000000, 0x00000000ff980000, 0x0000000100000000)
  eden space 439808K, 100% used [0x00000000e0000000,0x00000000fad80000,0x00000000fad80000)
  from space 34304K, 31% used [0x00000000fd800000,0x00000000fe272008,0x00000000ff980000)
  to   space 38912K, 0% used [0x00000000fad80000,0x00000000fad80000,0x00000000fd380000)
 ParOldGen       total 130560K, used 69255K [0x00000000a0000000, 0x00000000a7f80000, 0x00000000e0000000)
  object space 130560K, 53% used [0x00000000a0000000,0x00000000a43a1c60,0x00000000a7f80000)
 Metaspace       used 82217K, capacity 87598K, committed 87680K, reserved 1126400K
  class space    used 10303K, capacity 11106K, committed 11136K, reserved 1048576K
Event: 19087.155 GC heap after
Heap after GC invocations=40 (full 5):
 PSYoungGen      total 478720K, used 2544K [0x00000000e0000000, 0x0000000100000000, 0x0000000100000000)
  eden space 439808K, 0% used [0x00000000e0000000,0x00000000e0000000,0x00000000fad80000)
  from space 38912K, 6% used [0x00000000fad80000,0x00000000faffc028,0x00000000fd380000)
  to   space 38400K, 0% used [0x00000000fda80000,0x00000000fda80000,0x0000000100000000)
 ParOldGen       total 130560K, used 69771K [0x00000000a0000000, 0x00000000a7f80000, 0x00000000e0000000)
  object space 130560K, 53% used [0x00000000a0000000,0x00000000a4422ee8,0x00000000a7f80000)
 Metaspace       used 82217K, capacity 87598K, committed 87680K, reserved 1126400K
  class space    used 10303K, capacity 11106K, committed 11136K, reserved 1048576K
}

